\BOOKMARK [0][-]{statement.0}{\376\377\130\360\146\016}{}% 1
\BOOKMARK [0][-]{chapter*.1}{\376\377\144\130\211\201}{}% 2
\BOOKMARK [0][-]{chapter*.2}{\376\377\000A\000b\000s\000t\000r\000a\000c\000t}{}% 3
\BOOKMARK [0][-]{bittoc.0}{\376\377\166\356\137\125}{}% 4
\BOOKMARK [0][-]{chapter.1}{\376\377\173\054\0001\172\340\000\040\000\040\176\352\213\272}{}% 5
\BOOKMARK [1][-]{section.1.1}{\376\377\0001\000.\0001\000\040\170\024\172\166\200\314\146\157\124\214\141\017\116\111}{chapter.1}% 6
\BOOKMARK [1][-]{section.1.2}{\376\377\0001\000.\0002\000\040\126\375\121\205\131\026\170\024\172\166\163\260\162\266}{chapter.1}% 7
\BOOKMARK [1][-]{section.1.3}{\376\377\0001\000.\0003\000\040\213\272\145\207\116\073\211\201\135\345\117\134}{chapter.1}% 8
\BOOKMARK [1][-]{section.1.4}{\376\377\0001\000.\0004\000\040\213\272\145\207\176\304\176\307\176\323\147\204}{chapter.1}% 9
\BOOKMARK [0][-]{chapter.2}{\376\377\173\054\0002\172\340\000\040\000\040\166\370\121\163\135\345\117\134}{}% 10
\BOOKMARK [1][-]{section.2.1}{\376\377\0002\000.\0001\000\040\171\076\116\244\177\121\176\334}{chapter.2}% 11
\BOOKMARK [2][-]{subsection.2.1.1}{\376\377\0002\000.\0001\000.\0001\000\040\171\076\116\244\177\121\176\334\151\202\217\360}{section.2.1}% 12
\BOOKMARK [2][-]{subsection.2.1.2}{\376\377\0002\000.\0001\000.\0002\000\040\171\076\116\244\177\121\176\334\166\370\121\163\151\202\137\365\133\232\116\111}{section.2.1}% 13
\BOOKMARK [2][-]{subsection.2.1.3}{\376\377\0002\000.\0001\000.\0003\000\040\171\076\116\244\177\121\176\334\166\204\121\170\127\213\162\171\137\201}{section.2.1}% 14
\BOOKMARK [1][-]{section.2.2}{\376\377\0002\000.\0002\000\040\171\076\123\072\123\321\163\260}{chapter.2}% 15
\BOOKMARK [2][-]{subsection.2.2.1}{\376\377\0002\000.\0002\000.\0001\000\040\171\076\123\072\176\323\147\204\133\232\116\111}{section.2.2}% 16
\BOOKMARK [2][-]{subsection.2.2.2}{\376\377\0002\000.\0002\000.\0002\000\040\171\076\123\072\177\121\176\334\152\041\127\213\143\317\217\360}{section.2.2}% 17
\BOOKMARK [1][-]{section.2.3}{\376\377\0002\000.\0003\000\040\171\076\123\072\176\323\147\204\213\304\116\367\143\007\150\007}{chapter.2}% 18
\BOOKMARK [2][-]{subsection.2.3.1}{\376\377\0002\000.\0003\000.\0001\000\040\152\041\127\127\136\246}{section.2.3}% 19
\BOOKMARK [2][-]{subsection.2.3.2}{\376\377\0002\000.\0003\000.\0002\000\040\000N\000M\000I}{section.2.3}% 20
\BOOKMARK [0][-]{chapter*.10}{\376\377\176\323\213\272}{}% 21
\BOOKMARK [0][-]{chapter*.11}{\376\377\123\302\200\003\145\207\163\056}{}% 22
\BOOKMARK [0][-]{chapter*.12}{\376\377\201\364\214\042}{}% 23
